<?xml version="1.0" encoding="UTF-8"?>
<testng-results skipped="0" failed="0" ignored="0" total="2" passed="2">
  <reporter-output>
  </reporter-output>
  <suite name="Hub Spot Test Sanity Suite" duration-ms="100628" started-at="2019-09-26T17:22:58Z" finished-at="2019-09-26T17:24:38Z">
    <groups>
    </groups>
    <test name="hub spot Sanity Test" duration-ms="100628" started-at="2019-09-26T17:22:58Z" finished-at="2019-09-26T17:24:38Z">
      <class name="com.qa.hubspot.tests.LoginTest">
        <test-method status="PASS" signature="setUp()[pri:0, instance:com.qa.hubspot.tests.LoginTest@60e9df3c]" name="setUp" is-config="true" duration-ms="48671" started-at="2019-09-26T17:22:58Z" finished-at="2019-09-26T17:23:46Z">
          <reporter-output>
          </reporter-output>
        </test-method> <!-- setUp -->
        <test-method status="PASS" signature="loginTest()[pri:1, instance:com.qa.hubspot.tests.LoginTest@60e9df3c]" name="loginTest" duration-ms="14371" started-at="2019-09-26T17:23:46Z" description="login test with correct username and correct password...." finished-at="2019-09-26T17:24:01Z">
          <reporter-output>
          </reporter-output>
        </test-method> <!-- loginTest -->
        <test-method status="PASS" signature="tearDown()[pri:0, instance:com.qa.hubspot.tests.LoginTest@60e9df3c]" name="tearDown" is-config="true" duration-ms="3237" started-at="2019-09-26T17:24:01Z" finished-at="2019-09-26T17:24:04Z">
          <reporter-output>
          </reporter-output>
        </test-method> <!-- tearDown -->
        <test-method status="PASS" signature="setUp()[pri:0, instance:com.qa.hubspot.tests.LoginTest@60e9df3c]" name="setUp" is-config="true" duration-ms="18844" started-at="2019-09-26T17:24:04Z" finished-at="2019-09-26T17:24:23Z">
          <reporter-output>
          </reporter-output>
        </test-method> <!-- setUp -->
        <test-method status="PASS" signature="loginPageTitleTest()[pri:2, instance:com.qa.hubspot.tests.LoginTest@60e9df3c]" name="loginPageTitleTest" duration-ms="12756" started-at="2019-09-26T17:24:23Z" description="login page title test...." finished-at="2019-09-26T17:24:36Z">
          <reporter-output>
          </reporter-output>
        </test-method> <!-- loginPageTitleTest -->
        <test-method status="PASS" signature="tearDown()[pri:0, instance:com.qa.hubspot.tests.LoginTest@60e9df3c]" name="tearDown" is-config="true" duration-ms="2496" started-at="2019-09-26T17:24:36Z" finished-at="2019-09-26T17:24:38Z">
          <reporter-output>
          </reporter-output>
        </test-method> <!-- tearDown -->
      </class> <!-- com.qa.hubspot.tests.LoginTest -->
    </test> <!-- hub spot Sanity Test -->
  </suite> <!-- Hub Spot Test Sanity Suite -->
</testng-results>
